<?xml version="1.0" encoding="UTF-8"?>
<testsuite xmlns:xsi="http://www.w3.org/2001/XMLSchema-instance" xsi:noNamespaceSchemaLocation="https://maven.apache.org/surefire/maven-surefire-plugin/xsd/surefire-test-report.xsd" name="org.example.AppTest" time="0.046" tests="1" errors="0" skipped="0" failures="0">
  <properties>
    <property name="sun.desktop" value="windows"/>
    <property name="awt.toolkit" value="sun.awt.windows.WToolkit"/>
    <property name="file.encoding.pkg" value="sun.io"/>
    <property name="java.specification.version" value="1.8"/>
    <property name="sun.cpu.isalist" value="amd64"/>
    <property name="sun.jnu.encoding" value="GBK"/>
    <property name="java.class.path" value="D:\c\hsz\short\target\test-classes;D:\c\hsz\short\target\classes;d:\s\maven\repository\org\springframework\boot\spring-boot-starter-web\2.3.5.RELEASE\spring-boot-starter-web-2.3.5.RELEASE.jar;d:\s\maven\repository\org\springframework\boot\spring-boot-starter\2.3.5.RELEASE\spring-boot-starter-2.3.5.RELEASE.jar;d:\s\maven\repository\org\springframework\boot\spring-boot\2.3.5.RELEASE\spring-boot-2.3.5.RELEASE.jar;d:\s\maven\repository\org\springframework\boot\spring-boot-autoconfigure\2.3.5.RELEASE\spring-boot-autoconfigure-2.3.5.RELEASE.jar;d:\s\maven\repository\org\springframework\boot\spring-boot-starter-logging\2.3.5.RELEASE\spring-boot-starter-logging-2.3.5.RELEASE.jar;d:\s\maven\repository\ch\qos\logback\logback-classic\1.2.3\logback-classic-1.2.3.jar;d:\s\maven\repository\ch\qos\logback\logback-core\1.2.3\logback-core-1.2.3.jar;d:\s\maven\repository\org\apache\logging\log4j\log4j-to-slf4j\2.13.3\log4j-to-slf4j-2.13.3.jar;d:\s\maven\repository\org\apache\logging\log4j\log4j-api\2.13.3\log4j-api-2.13.3.jar;d:\s\maven\repository\org\slf4j\jul-to-slf4j\1.7.30\jul-to-slf4j-1.7.30.jar;d:\s\maven\repository\jakarta\annotation\jakarta.annotation-api\1.3.5\jakarta.annotation-api-1.3.5.jar;d:\s\maven\repository\org\springframework\spring-core\5.2.10.RELEASE\spring-core-5.2.10.RELEASE.jar;d:\s\maven\repository\org\springframework\spring-jcl\5.2.10.RELEASE\spring-jcl-5.2.10.RELEASE.jar;d:\s\maven\repository\org\yaml\snakeyaml\1.26\snakeyaml-1.26.jar;d:\s\maven\repository\org\springframework\boot\spring-boot-starter-json\2.3.5.RELEASE\spring-boot-starter-json-2.3.5.RELEASE.jar;d:\s\maven\repository\com\fasterxml\jackson\core\jackson-databind\2.11.3\jackson-databind-2.11.3.jar;d:\s\maven\repository\com\fasterxml\jackson\core\jackson-core\2.11.3\jackson-core-2.11.3.jar;d:\s\maven\repository\com\fasterxml\jackson\datatype\jackson-datatype-jdk8\2.11.3\jackson-datatype-jdk8-2.11.3.jar;d:\s\maven\repository\com\fasterxml\jackson\datatype\jackson-datatype-jsr310\2.11.3\jackson-datatype-jsr310-2.11.3.jar;d:\s\maven\repository\com\fasterxml\jackson\module\jackson-module-parameter-names\2.11.3\jackson-module-parameter-names-2.11.3.jar;d:\s\maven\repository\org\springframework\boot\spring-boot-starter-tomcat\2.3.5.RELEASE\spring-boot-starter-tomcat-2.3.5.RELEASE.jar;d:\s\maven\repository\org\apache\tomcat\embed\tomcat-embed-core\9.0.39\tomcat-embed-core-9.0.39.jar;d:\s\maven\repository\org\glassfish\jakarta.el\3.0.3\jakarta.el-3.0.3.jar;d:\s\maven\repository\org\apache\tomcat\embed\tomcat-embed-websocket\9.0.39\tomcat-embed-websocket-9.0.39.jar;d:\s\maven\repository\org\springframework\spring-web\5.2.10.RELEASE\spring-web-5.2.10.RELEASE.jar;d:\s\maven\repository\org\springframework\spring-beans\5.2.10.RELEASE\spring-beans-5.2.10.RELEASE.jar;d:\s\maven\repository\org\springframework\spring-webmvc\5.2.10.RELEASE\spring-webmvc-5.2.10.RELEASE.jar;d:\s\maven\repository\org\springframework\spring-aop\5.2.10.RELEASE\spring-aop-5.2.10.RELEASE.jar;d:\s\maven\repository\org\springframework\spring-context\5.2.10.RELEASE\spring-context-5.2.10.RELEASE.jar;d:\s\maven\repository\org\springframework\spring-expression\5.2.10.RELEASE\spring-expression-5.2.10.RELEASE.jar;d:\s\maven\repository\junit\junit\4.13.1\junit-4.13.1.jar;d:\s\maven\repository\org\hamcrest\hamcrest-core\2.2\hamcrest-core-2.2.jar;d:\s\maven\repository\org\hamcrest\hamcrest\2.2\hamcrest-2.2.jar;d:\s\maven\repository\io\springfox\springfox-swagger2\2.5.0\springfox-swagger2-2.5.0.jar;d:\s\maven\repository\io\swagger\swagger-annotations\1.5.9\swagger-annotations-1.5.9.jar;d:\s\maven\repository\io\swagger\swagger-models\1.5.9\swagger-models-1.5.9.jar;d:\s\maven\repository\com\fasterxml\jackson\core\jackson-annotations\2.11.3\jackson-annotations-2.11.3.jar;d:\s\maven\repository\io\springfox\springfox-spi\2.5.0\springfox-spi-2.5.0.jar;d:\s\maven\repository\io\springfox\springfox-core\2.5.0\springfox-core-2.5.0.jar;d:\s\maven\repository\io\springfox\springfox-schema\2.5.0\springfox-schema-2.5.0.jar;d:\s\maven\repository\io\springfox\springfox-swagger-common\2.5.0\springfox-swagger-common-2.5.0.jar;d:\s\maven\repository\io\springfox\springfox-spring-web\2.5.0\springfox-spring-web-2.5.0.jar;d:\s\maven\repository\com\google\guava\guava\18.0\guava-18.0.jar;d:\s\maven\repository\com\fasterxml\classmate\1.5.1\classmate-1.5.1.jar;d:\s\maven\repository\org\slf4j\slf4j-api\1.7.30\slf4j-api-1.7.30.jar;d:\s\maven\repository\org\springframework\plugin\spring-plugin-core\1.2.0.RELEASE\spring-plugin-core-1.2.0.RELEASE.jar;d:\s\maven\repository\org\springframework\plugin\spring-plugin-metadata\1.2.0.RELEASE\spring-plugin-metadata-1.2.0.RELEASE.jar;d:\s\maven\repository\org\mapstruct\mapstruct\1.0.0.Final\mapstruct-1.0.0.Final.jar;"/>
    <property name="java.vm.vendor" value="Oracle Corporation"/>
    <property name="sun.arch.data.model" value="64"/>
    <property name="user.variant" value=""/>
    <property name="java.vendor.url" value="http://java.oracle.com/"/>
    <property name="user.timezone" value="Asia/Shanghai"/>
    <property name="java.vm.specification.version" value="1.8"/>
    <property name="os.name" value="Windows 10"/>
    <property name="user.country" value="CN"/>
    <property name="sun.java.launcher" value="SUN_STANDARD"/>
    <property name="sun.boot.library.path" value="D:\s\jdk\jdk1.8.0_191\jre\bin"/>
    <property name="sun.java.command" value="C:\Users\amargosa\AppData\Local\Temp\surefire8107394979435009444\surefirebooter4643985242547037662.jar C:\Users\amargosa\AppData\Local\Temp\surefire8107394979435009444 2021-10-10T15-47-33_748-jvmRun1 surefire8279930430298867778tmp surefire_03449154248515833702tmp"/>
    <property name="surefire.test.class.path" value="D:\c\hsz\short\target\test-classes;D:\c\hsz\short\target\classes;d:\s\maven\repository\org\springframework\boot\spring-boot-starter-web\2.3.5.RELEASE\spring-boot-starter-web-2.3.5.RELEASE.jar;d:\s\maven\repository\org\springframework\boot\spring-boot-starter\2.3.5.RELEASE\spring-boot-starter-2.3.5.RELEASE.jar;d:\s\maven\repository\org\springframework\boot\spring-boot\2.3.5.RELEASE\spring-boot-2.3.5.RELEASE.jar;d:\s\maven\repository\org\springframework\boot\spring-boot-autoconfigure\2.3.5.RELEASE\spring-boot-autoconfigure-2.3.5.RELEASE.jar;d:\s\maven\repository\org\springframework\boot\spring-boot-starter-logging\2.3.5.RELEASE\spring-boot-starter-logging-2.3.5.RELEASE.jar;d:\s\maven\repository\ch\qos\logback\logback-classic\1.2.3\logback-classic-1.2.3.jar;d:\s\maven\repository\ch\qos\logback\logback-core\1.2.3\logback-core-1.2.3.jar;d:\s\maven\repository\org\apache\logging\log4j\log4j-to-slf4j\2.13.3\log4j-to-slf4j-2.13.3.jar;d:\s\maven\repository\org\apache\logging\log4j\log4j-api\2.13.3\log4j-api-2.13.3.jar;d:\s\maven\repository\org\slf4j\jul-to-slf4j\1.7.30\jul-to-slf4j-1.7.30.jar;d:\s\maven\repository\jakarta\annotation\jakarta.annotation-api\1.3.5\jakarta.annotation-api-1.3.5.jar;d:\s\maven\repository\org\springframework\spring-core\5.2.10.RELEASE\spring-core-5.2.10.RELEASE.jar;d:\s\maven\repository\org\springframework\spring-jcl\5.2.10.RELEASE\spring-jcl-5.2.10.RELEASE.jar;d:\s\maven\repository\org\yaml\snakeyaml\1.26\snakeyaml-1.26.jar;d:\s\maven\repository\org\springframework\boot\spring-boot-starter-json\2.3.5.RELEASE\spring-boot-starter-json-2.3.5.RELEASE.jar;d:\s\maven\repository\com\fasterxml\jackson\core\jackson-databind\2.11.3\jackson-databind-2.11.3.jar;d:\s\maven\repository\com\fasterxml\jackson\core\jackson-core\2.11.3\jackson-core-2.11.3.jar;d:\s\maven\repository\com\fasterxml\jackson\datatype\jackson-datatype-jdk8\2.11.3\jackson-datatype-jdk8-2.11.3.jar;d:\s\maven\repository\com\fasterxml\jackson\datatype\jackson-datatype-jsr310\2.11.3\jackson-datatype-jsr310-2.11.3.jar;d:\s\maven\repository\com\fasterxml\jackson\module\jackson-module-parameter-names\2.11.3\jackson-module-parameter-names-2.11.3.jar;d:\s\maven\repository\org\springframework\boot\spring-boot-starter-tomcat\2.3.5.RELEASE\spring-boot-starter-tomcat-2.3.5.RELEASE.jar;d:\s\maven\repository\org\apache\tomcat\embed\tomcat-embed-core\9.0.39\tomcat-embed-core-9.0.39.jar;d:\s\maven\repository\org\glassfish\jakarta.el\3.0.3\jakarta.el-3.0.3.jar;d:\s\maven\repository\org\apache\tomcat\embed\tomcat-embed-websocket\9.0.39\tomcat-embed-websocket-9.0.39.jar;d:\s\maven\repository\org\springframework\spring-web\5.2.10.RELEASE\spring-web-5.2.10.RELEASE.jar;d:\s\maven\repository\org\springframework\spring-beans\5.2.10.RELEASE\spring-beans-5.2.10.RELEASE.jar;d:\s\maven\repository\org\springframework\spring-webmvc\5.2.10.RELEASE\spring-webmvc-5.2.10.RELEASE.jar;d:\s\maven\repository\org\springframework\spring-aop\5.2.10.RELEASE\spring-aop-5.2.10.RELEASE.jar;d:\s\maven\repository\org\springframework\spring-context\5.2.10.RELEASE\spring-context-5.2.10.RELEASE.jar;d:\s\maven\repository\org\springframework\spring-expression\5.2.10.RELEASE\spring-expression-5.2.10.RELEASE.jar;d:\s\maven\repository\junit\junit\4.13.1\junit-4.13.1.jar;d:\s\maven\repository\org\hamcrest\hamcrest-core\2.2\hamcrest-core-2.2.jar;d:\s\maven\repository\org\hamcrest\hamcrest\2.2\hamcrest-2.2.jar;d:\s\maven\repository\io\springfox\springfox-swagger2\2.5.0\springfox-swagger2-2.5.0.jar;d:\s\maven\repository\io\swagger\swagger-annotations\1.5.9\swagger-annotations-1.5.9.jar;d:\s\maven\repository\io\swagger\swagger-models\1.5.9\swagger-models-1.5.9.jar;d:\s\maven\repository\com\fasterxml\jackson\core\jackson-annotations\2.11.3\jackson-annotations-2.11.3.jar;d:\s\maven\repository\io\springfox\springfox-spi\2.5.0\springfox-spi-2.5.0.jar;d:\s\maven\repository\io\springfox\springfox-core\2.5.0\springfox-core-2.5.0.jar;d:\s\maven\repository\io\springfox\springfox-schema\2.5.0\springfox-schema-2.5.0.jar;d:\s\maven\repository\io\springfox\springfox-swagger-common\2.5.0\springfox-swagger-common-2.5.0.jar;d:\s\maven\repository\io\springfox\springfox-spring-web\2.5.0\springfox-spring-web-2.5.0.jar;d:\s\maven\repository\com\google\guava\guava\18.0\guava-18.0.jar;d:\s\maven\repository\com\fasterxml\classmate\1.5.1\classmate-1.5.1.jar;d:\s\maven\repository\org\slf4j\slf4j-api\1.7.30\slf4j-api-1.7.30.jar;d:\s\maven\repository\org\springframework\plugin\spring-plugin-core\1.2.0.RELEASE\spring-plugin-core-1.2.0.RELEASE.jar;d:\s\maven\repository\org\springframework\plugin\spring-plugin-metadata\1.2.0.RELEASE\spring-plugin-metadata-1.2.0.RELEASE.jar;d:\s\maven\repository\org\mapstruct\mapstruct\1.0.0.Final\mapstruct-1.0.0.Final.jar;"/>
    <property name="sun.cpu.endian" value="little"/>
    <property name="user.home" value="C:\Users\amargosa"/>
    <property name="user.language" value="zh"/>
    <property name="java.specification.vendor" value="Oracle Corporation"/>
    <property name="java.home" value="D:\s\jdk\jdk1.8.0_191\jre"/>
    <property name="basedir" value="D:\c\hsz\short"/>
    <property name="file.separator" value="\"/>
    <property name="line.separator" value="&#10;"/>
    <property name="java.vm.specification.vendor" value="Oracle Corporation"/>
    <property name="java.specification.name" value="Java Platform API Specification"/>
    <property name="java.awt.graphicsenv" value="sun.awt.Win32GraphicsEnvironment"/>
    <property name="surefire.real.class.path" value="C:\Users\amargosa\AppData\Local\Temp\surefire8107394979435009444\surefirebooter4643985242547037662.jar"/>
    <property name="idea.version2020.1.4" value="true"/>
    <property name="sun.boot.class.path" value="D:\s\jdk\jdk1.8.0_191\jre\lib\resources.jar;D:\s\jdk\jdk1.8.0_191\jre\lib\rt.jar;D:\s\jdk\jdk1.8.0_191\jre\lib\sunrsasign.jar;D:\s\jdk\jdk1.8.0_191\jre\lib\jsse.jar;D:\s\jdk\jdk1.8.0_191\jre\lib\jce.jar;D:\s\jdk\jdk1.8.0_191\jre\lib\charsets.jar;D:\s\jdk\jdk1.8.0_191\jre\lib\jfr.jar;D:\s\jdk\jdk1.8.0_191\jre\classes"/>
    <property name="user.script" value=""/>
    <property name="sun.management.compiler" value="HotSpot 64-Bit Tiered Compilers"/>
    <property name="java.runtime.version" value="1.8.0_191-b12"/>
    <property name="user.name" value="amargosa"/>
    <property name="path.separator" value=";"/>
    <property name="os.version" value="10.0"/>
    <property name="java.endorsed.dirs" value="D:\s\jdk\jdk1.8.0_191\jre\lib\endorsed"/>
    <property name="java.runtime.name" value="Java(TM) SE Runtime Environment"/>
    <property name="file.encoding" value="GBK"/>
    <property name="java.vm.name" value="Java HotSpot(TM) 64-Bit Server VM"/>
    <property name="localRepository" value="d:\s\maven\repository"/>
    <property name="java.vendor.url.bug" value="http://bugreport.sun.com/bugreport/"/>
    <property name="java.io.tmpdir" value="C:\Users\amargosa\AppData\Local\Temp\"/>
    <property name="java.version" value="1.8.0_191"/>
    <property name="user.dir" value="D:\c\hsz\short"/>
    <property name="os.arch" value="amd64"/>
    <property name="java.vm.specification.name" value="Java Virtual Machine Specification"/>
    <property name="java.awt.printerjob" value="sun.awt.windows.WPrinterJob"/>
    <property name="sun.os.patch.level" value=""/>
    <property name="java.library.path" value="D:\s\jdk\jdk1.8.0_191\jre\bin;C:\WINDOWS\Sun\Java\bin;C:\WINDOWS\system32;C:\WINDOWS;C:\WINDOWS\system32;C:\WINDOWS;C:\WINDOWS\System32\Wbem;C:\WINDOWS\System32\WindowsPowerShell\v1.0\;C:\WINDOWS\System32\OpenSSH\;D:\s\jdk\jdk1.8.0_191\bin;D:\s\maven\apache-maven-3.6.3\bin;C:\Users\amargosa\AppData\Local\Microsoft\WindowsApps;;C:\Users\amargosa\AppData\Local\Programs\Microsoft VS Code\bin;."/>
    <property name="java.vm.info" value="mixed mode"/>
    <property name="java.vendor" value="Oracle Corporation"/>
    <property name="java.vm.version" value="25.191-b12"/>
    <property name="java.ext.dirs" value="D:\s\jdk\jdk1.8.0_191\jre\lib\ext;C:\WINDOWS\Sun\Java\lib\ext"/>
    <property name="sun.io.unicode.encoding" value="UnicodeLittle"/>
    <property name="java.class.version" value="52.0"/>
  </properties>
  <testcase name="shouldAnswerWithTrue" classname="org.example.AppTest" time="0.002"/>
</testsuite>